[DEBUG] 2024-09-13 15:27:34,011 TestNG.debug() - suiteXmlPath: "D:\Eclipse Program\OpencartV121\Master.xml"
[INFO ] 2024-09-13 15:27:34,177 Utils.info() - [TestNG] Running:
  D:\Eclipse Program\OpencartV121\Master.xml

[DEBUG] 2024-09-13 15:28:39,619 PackageRelationshipCollection.parseRelationshipsPart() - Parsing relationship: /xl/_rels/workbook.xml.rels
[DEBUG] 2024-09-13 15:28:39,622 PackageRelationshipCollection.parseRelationshipsPart() - Parsing relationship: /xl/worksheets/_rels/sheet1.xml.rels
[DEBUG] 2024-09-13 15:28:39,623 PackageRelationshipCollection.parseRelationshipsPart() - Parsing relationship: /_rels/.rels
[DEBUG] 2024-09-13 15:28:39,905 POIXMLFactory.createDocumentPart() - using default POIXMLDocumentPart for http://schemas.openxmlformats.org/officeDocument/2006/relationships/printerSettings
[DEBUG] 2024-09-13 15:28:39,968 PackageRelationshipCollection.parseRelationshipsPart() - Parsing relationship: /xl/_rels/workbook.xml.rels
[DEBUG] 2024-09-13 15:28:39,969 PackageRelationshipCollection.parseRelationshipsPart() - Parsing relationship: /xl/worksheets/_rels/sheet1.xml.rels
[DEBUG] 2024-09-13 15:28:39,970 PackageRelationshipCollection.parseRelationshipsPart() - Parsing relationship: /_rels/.rels
[DEBUG] 2024-09-13 15:28:39,983 POIXMLFactory.createDocumentPart() - using default POIXMLDocumentPart for http://schemas.openxmlformats.org/officeDocument/2006/relationships/printerSettings
[DEBUG] 2024-09-13 15:28:39,996 PackageRelationshipCollection.parseRelationshipsPart() - Parsing relationship: /xl/_rels/workbook.xml.rels
[DEBUG] 2024-09-13 15:28:39,997 PackageRelationshipCollection.parseRelationshipsPart() - Parsing relationship: /xl/worksheets/_rels/sheet1.xml.rels
[DEBUG] 2024-09-13 15:28:39,999 PackageRelationshipCollection.parseRelationshipsPart() - Parsing relationship: /_rels/.rels
[DEBUG] 2024-09-13 15:28:40,009 POIXMLFactory.createDocumentPart() - using default POIXMLDocumentPart for http://schemas.openxmlformats.org/officeDocument/2006/relationships/printerSettings
[DEBUG] 2024-09-13 15:28:40,024 PackageRelationshipCollection.parseRelationshipsPart() - Parsing relationship: /xl/_rels/workbook.xml.rels
[DEBUG] 2024-09-13 15:28:40,025 PackageRelationshipCollection.parseRelationshipsPart() - Parsing relationship: /xl/worksheets/_rels/sheet1.xml.rels
[DEBUG] 2024-09-13 15:28:40,026 PackageRelationshipCollection.parseRelationshipsPart() - Parsing relationship: /_rels/.rels
[DEBUG] 2024-09-13 15:28:40,034 POIXMLFactory.createDocumentPart() - using default POIXMLDocumentPart for http://schemas.openxmlformats.org/officeDocument/2006/relationships/printerSettings
[DEBUG] 2024-09-13 15:28:40,054 PackageRelationshipCollection.parseRelationshipsPart() - Parsing relationship: /xl/_rels/workbook.xml.rels
[DEBUG] 2024-09-13 15:28:40,055 PackageRelationshipCollection.parseRelationshipsPart() - Parsing relationship: /xl/worksheets/_rels/sheet1.xml.rels
[DEBUG] 2024-09-13 15:28:40,056 PackageRelationshipCollection.parseRelationshipsPart() - Parsing relationship: /_rels/.rels
[DEBUG] 2024-09-13 15:28:40,063 POIXMLFactory.createDocumentPart() - using default POIXMLDocumentPart for http://schemas.openxmlformats.org/officeDocument/2006/relationships/printerSettings
[DEBUG] 2024-09-13 15:28:40,074 PackageRelationshipCollection.parseRelationshipsPart() - Parsing relationship: /xl/_rels/workbook.xml.rels
[DEBUG] 2024-09-13 15:28:40,075 PackageRelationshipCollection.parseRelationshipsPart() - Parsing relationship: /xl/worksheets/_rels/sheet1.xml.rels
[DEBUG] 2024-09-13 15:28:40,077 PackageRelationshipCollection.parseRelationshipsPart() - Parsing relationship: /_rels/.rels
[DEBUG] 2024-09-13 15:28:40,086 POIXMLFactory.createDocumentPart() - using default POIXMLDocumentPart for http://schemas.openxmlformats.org/officeDocument/2006/relationships/printerSettings
