[DEBUG] 2024-09-14 15:06:39,616 TestNG.debug() - suiteXmlPath: "D:\Eclipse Program\OpencartV121\Master.xml"
[INFO ] 2024-09-14 15:06:39,802 Utils.info() - [TestNG] Running:
  D:\Eclipse Program\OpencartV121\Master.xml

[DEBUG] 2024-09-14 15:06:44,523 PackageRelationshipCollection.parseRelationshipsPart() - Parsing relationship: /xl/_rels/workbook.xml.rels
[DEBUG] 2024-09-14 15:06:44,528 PackageRelationshipCollection.parseRelationshipsPart() - Parsing relationship: /xl/worksheets/_rels/sheet1.xml.rels
[DEBUG] 2024-09-14 15:06:44,531 PackageRelationshipCollection.parseRelationshipsPart() - Parsing relationship: /_rels/.rels
[DEBUG] 2024-09-14 15:06:44,788 POIXMLFactory.createDocumentPart() - using default POIXMLDocumentPart for http://schemas.openxmlformats.org/officeDocument/2006/relationships/printerSettings
[DEBUG] 2024-09-14 15:06:44,842 PackageRelationshipCollection.parseRelationshipsPart() - Parsing relationship: /xl/_rels/workbook.xml.rels
[DEBUG] 2024-09-14 15:06:44,844 PackageRelationshipCollection.parseRelationshipsPart() - Parsing relationship: /xl/worksheets/_rels/sheet1.xml.rels
[DEBUG] 2024-09-14 15:06:44,844 PackageRelationshipCollection.parseRelationshipsPart() - Parsing relationship: /_rels/.rels
[DEBUG] 2024-09-14 15:06:44,855 POIXMLFactory.createDocumentPart() - using default POIXMLDocumentPart for http://schemas.openxmlformats.org/officeDocument/2006/relationships/printerSettings
[DEBUG] 2024-09-14 15:06:44,865 PackageRelationshipCollection.parseRelationshipsPart() - Parsing relationship: /xl/_rels/workbook.xml.rels
[DEBUG] 2024-09-14 15:06:44,865 PackageRelationshipCollection.parseRelationshipsPart() - Parsing relationship: /xl/worksheets/_rels/sheet1.xml.rels
[DEBUG] 2024-09-14 15:06:44,866 PackageRelationshipCollection.parseRelationshipsPart() - Parsing relationship: /_rels/.rels
[DEBUG] 2024-09-14 15:06:44,876 POIXMLFactory.createDocumentPart() - using default POIXMLDocumentPart for http://schemas.openxmlformats.org/officeDocument/2006/relationships/printerSettings
[DEBUG] 2024-09-14 15:06:44,890 PackageRelationshipCollection.parseRelationshipsPart() - Parsing relationship: /xl/_rels/workbook.xml.rels
[DEBUG] 2024-09-14 15:06:44,891 PackageRelationshipCollection.parseRelationshipsPart() - Parsing relationship: /xl/worksheets/_rels/sheet1.xml.rels
[DEBUG] 2024-09-14 15:06:44,892 PackageRelationshipCollection.parseRelationshipsPart() - Parsing relationship: /_rels/.rels
[DEBUG] 2024-09-14 15:06:44,899 POIXMLFactory.createDocumentPart() - using default POIXMLDocumentPart for http://schemas.openxmlformats.org/officeDocument/2006/relationships/printerSettings
[DEBUG] 2024-09-14 15:06:44,909 PackageRelationshipCollection.parseRelationshipsPart() - Parsing relationship: /xl/_rels/workbook.xml.rels
[DEBUG] 2024-09-14 15:06:44,910 PackageRelationshipCollection.parseRelationshipsPart() - Parsing relationship: /xl/worksheets/_rels/sheet1.xml.rels
[DEBUG] 2024-09-14 15:06:44,910 PackageRelationshipCollection.parseRelationshipsPart() - Parsing relationship: /_rels/.rels
[DEBUG] 2024-09-14 15:06:44,917 POIXMLFactory.createDocumentPart() - using default POIXMLDocumentPart for http://schemas.openxmlformats.org/officeDocument/2006/relationships/printerSettings
[DEBUG] 2024-09-14 15:06:44,925 PackageRelationshipCollection.parseRelationshipsPart() - Parsing relationship: /xl/_rels/workbook.xml.rels
[DEBUG] 2024-09-14 15:06:44,926 PackageRelationshipCollection.parseRelationshipsPart() - Parsing relationship: /xl/worksheets/_rels/sheet1.xml.rels
[DEBUG] 2024-09-14 15:06:44,928 PackageRelationshipCollection.parseRelationshipsPart() - Parsing relationship: /_rels/.rels
[DEBUG] 2024-09-14 15:06:44,933 POIXMLFactory.createDocumentPart() - using default POIXMLDocumentPart for http://schemas.openxmlformats.org/officeDocument/2006/relationships/printerSettings
